<?xml version="1.0" encoding="UTF-8"?>
<!-- Generated by org.testng.reporters.JUnitXMLReporter -->
<testsuite ignored="6" hostname="DESKTOP-MCFBCL3" failures="0" tests="33" name="Login Tests" time="205.395" errors="0" timestamp="2025-09-04T17:23:16 GST">
  <testcase classname="com.saucedemo.tests.LoginTest" name="tc010LoginSuiteWithValidCredential" time="0.867"/>
  <testcase classname="com.saucedemo.tests.LoginTest" name="tc020LoginSuiteWithInValidUsername" time="0.7"/>
  <testcase classname="com.saucedemo.tests.LoginTest" name="tc030LoginSuiteWithBlankCredential" time="0.537"/>
  <testcase classname="com.saucedemo.tests.LoginTest" name="tc040LoginSuiteWithBlankUsername" time="0.576"/>
  <testcase classname="com.saucedemo.tests.LoginTest" name="tc050LoginSuiteWithBlankPassword" time="0.632"/>
  <testcase classname="com.saucedemo.tests.LoginTest" name="tc060LoginSuiteWithLockedOutUser" time="0.734"/>
  <testcase classname="com.saucedemo.tests.LoginTest" name="tc070LoginSuiteWithProblemUser" time="0.86"/>
  <testcase classname="com.saucedemo.tests.LoginTest" name="tc080LoginSuiteWithPerformanceGlitchUser" time="5.87"/>
  <testcase classname="com.saucedemo.tests.LoginTest" name="tc090LoginSuiteWithInValidPassword" time="0.66"/>
  <testcase classname="com.saucedemo.tests.LoginTest" name="tc100LoginSuiteWithInValidUsername" time="0.649"/>
  <testcase classname="com.saucedemo.tests.ProductTest" name="tc010VerifyCartBadgeUpdates" time="1.151"/>
  <testcase classname="com.saucedemo.tests.ProductTest" name="tc020VerifyRemoveFromProductPage" time="1.353"/>
  <testcase classname="com.saucedemo.tests.ProductTest" name="tc030VerifyProductDetailPage" time="1.391"/>
  <testcase classname="com.saucedemo.tests.ProductTest" name="tc040VerifyBackToProduct" time="2.279"/>
  <testcase classname="com.saucedemo.tests.ProductTest" name="tc050verifySortingByNameAZ" time="1.03"/>
  <testcase classname="com.saucedemo.tests.ProductTest" name="tc060verifySortingByNameZA" time="1.031"/>
  <testcase classname="com.saucedemo.tests.ProductTest" name="tc070verifySortingByPriceLowToHigh" time="1.027"/>
  <testcase classname="com.saucedemo.tests.ProductTest" name="tc080verifySortingByPriceHighToLow" time="1.934"/>
  <testcase classname="com.saucedemo.tests.CartTest" name="tc010VerifyCartItems" time="1.653"/>
  <testcase classname="com.saucedemo.tests.CartTest" name="tc020VerifyRemoveCartItem" time="11.409"/>
  <testcase classname="com.saucedemo.tests.CartTest" name="tc030VerifytestCartBadgeUpdatesAfterRemoval" time="12.022"/>
  <testcase classname="com.saucedemo.tests.CartTest" name="tc040VerifyContinueShoppingNavigation" time="1.534"/>
  <testcase classname="com.saucedemo.tests.CartTest" name="tc050VerifyCheckoutNavigation" time="1.295"/>
  <testcase classname="com.saucedemo.tests.CheckoutProcessTest" name="tc010VerifyUserWithBlankFirstName" time="1.973"/>
  <testcase classname="com.saucedemo.tests.CheckoutProcessTest" name="tc020VerifyUserWithBlankLastName" time="1.898"/>
  <testcase classname="com.saucedemo.tests.CheckoutProcessTest" name="tc030VerifyUserWithBlankPostalCodeName" time="2.015"/>
  <testcase classname="com.saucedemo.tests.CheckoutProcessTest" name="tc040VerifyUserWithValidInfo" time="2.244"/>
  <testcase classname="com.saucedemo.tests.CheckoutProcessTest" name="tc050VerifyCancelFromUserInfo" time="2.113"/>
  <testcase classname="com.saucedemo.tests.CheckoutProcessTest" name="tc060VerifyItemAndPriceDetails" time="2.336"/>
  <testcase classname="com.saucedemo.tests.CheckoutProcessTest" name="tc070VerifyCancelFromCheckoutOverview" time="2.338"/>
  <testcase classname="com.saucedemo.tests.CheckoutProcessTest" name="tc080VerifyFinishFromCheckoutOverview" time="3.046"/>
  <testcase classname="com.saucedemo.tests.CheckoutProcessTest" name="tc090VerifyCheckOutMessageFromCheckoutFinishOrder" time="2.905"/>
  <testcase classname="com.saucedemo.tests.CheckoutProcessTest" name="tc100VerifyBackHomeFromCheckoutFinishOrder" time="2.694"/>
  <testcase classname="com.saucedemo.base.BaseTest" name="@BeforeSuite setupReport" time="0.0">
    <ignored/>
  </testcase> <!-- @BeforeSuite setupReport -->
  <testcase classname="com.saucedemo.base.BaseTest" name="@AfterSuite tearDownReport" time="0.0">
    <ignored/>
  </testcase> <!-- @AfterSuite tearDownReport -->
  <testcase classname="com.saucedemo.base.BaseTest" name="@BeforeSuite setupReport" time="0.0">
    <ignored/>
  </testcase> <!-- @BeforeSuite setupReport -->
  <testcase classname="com.saucedemo.base.BaseTest" name="@BeforeSuite setupReport" time="0.0">
    <ignored/>
  </testcase> <!-- @BeforeSuite setupReport -->
  <testcase classname="com.saucedemo.base.BaseTest" name="@AfterSuite tearDownReport" time="0.0">
    <ignored/>
  </testcase> <!-- @AfterSuite tearDownReport -->
  <testcase classname="com.saucedemo.base.BaseTest" name="@AfterSuite tearDownReport" time="0.0">
    <ignored/>
  </testcase> <!-- @AfterSuite tearDownReport -->
</testsuite> <!-- Login Tests -->
